<?xml version="1.0" encoding="UTF-8"?>
<!-- Generated by org.testng.reporters.JUnitXMLReporter -->
<testsuite ignored="0" hostname="DESKTOP-CDN2BDQ" failures="0" tests="4" name="Default test" time="5.756" errors="0" timestamp="2022-10-27T10:42:44 IST">
  <testcase classname="com.qa.opencart.test.LoginpageTest" name="doLogin" time="0.271"/>
  <testcase classname="com.qa.opencart.test.LoginpageTest" name="forgotPwdLink" time="0.207"/>
  <testcase classname="com.qa.opencart.test.LoginpageTest" name="loginPageTitle" time="0.008"/>
  <testcase classname="com.qa.opencart.test.LoginpageTest" name="loginPageUrl" time="0.007"/>
</testsuite> <!-- Default test -->
