<?xml version="1.0" encoding="UTF-8"?>
<testng-results ignored="0" total="4" passed="4" failed="0" skipped="0">
  <reporter-output>
  </reporter-output>
  <suite started-at="2022-10-27T10:42:38 IST" name="Default suite" finished-at="2022-10-27T10:42:44 IST" duration-ms="5756">
    <groups>
    </groups>
    <test started-at="2022-10-27T10:42:38 IST" name="Default test" finished-at="2022-10-27T10:42:44 IST" duration-ms="5756">
      <class name="com.qa.opencart.test.LoginpageTest">
        <test-method is-config="true" signature="setup()[pri:0, instance:com.qa.opencart.test.LoginpageTest@41a0aa7d]" started-at="2022-10-27T10:42:38 IST" name="setup" finished-at="2022-10-27T10:42:43 IST" duration-ms="5086" status="PASS">
          <reporter-output>
          </reporter-output>
        </test-method> <!-- setup -->
        <test-method signature="doLogin()[pri:0, instance:com.qa.opencart.test.LoginpageTest@41a0aa7d]" started-at="2022-10-27T10:42:43 IST" name="doLogin" finished-at="2022-10-27T10:42:43 IST" duration-ms="271" status="PASS">
          <reporter-output>
          </reporter-output>
        </test-method> <!-- doLogin -->
        <test-method signature="forgotPwdLink()[pri:0, instance:com.qa.opencart.test.LoginpageTest@41a0aa7d]" started-at="2022-10-27T10:42:43 IST" name="forgotPwdLink" finished-at="2022-10-27T10:42:44 IST" duration-ms="207" status="PASS">
          <reporter-output>
          </reporter-output>
        </test-method> <!-- forgotPwdLink -->
        <test-method signature="loginPageTitle()[pri:0, instance:com.qa.opencart.test.LoginpageTest@41a0aa7d]" started-at="2022-10-27T10:42:44 IST" name="loginPageTitle" finished-at="2022-10-27T10:42:44 IST" duration-ms="8" status="PASS">
          <reporter-output>
          </reporter-output>
        </test-method> <!-- loginPageTitle -->
        <test-method signature="loginPageUrl()[pri:0, instance:com.qa.opencart.test.LoginpageTest@41a0aa7d]" started-at="2022-10-27T10:42:44 IST" name="loginPageUrl" finished-at="2022-10-27T10:42:44 IST" duration-ms="7" status="PASS">
          <reporter-output>
          </reporter-output>
        </test-method> <!-- loginPageUrl -->
        <test-method is-config="true" signature="Teardown()[pri:0, instance:com.qa.opencart.test.LoginpageTest@41a0aa7d]" started-at="2022-10-27T10:42:44 IST" name="Teardown" finished-at="2022-10-27T10:42:44 IST" duration-ms="125" status="PASS">
          <reporter-output>
          </reporter-output>
        </test-method> <!-- Teardown -->
      </class> <!-- com.qa.opencart.test.LoginpageTest -->
    </test> <!-- Default test -->
  </suite> <!-- Default suite -->
</testng-results>
